Base path: '/Applications/Unity/Hub/Editor/2019.4.14f1/Unity.app/Contents', plugins path '/Applications/Unity/Hub/Editor/2019.4.14f1/PlaybackEngines'
Cmd: initializeCompiler
Cmd: initializeCompiler
Cmd: compileComputeKernel
  api=14 insize=12919 outsize=3671 ok=1
Cmd: compileComputeKernel
  api=14 insize=12919 outsize=2988 ok=1
Cmd: translateComputeKernel
  api=14 insize=3057 outsize=2929 ok=1
Cmd: translateComputeKernel
  api=14 insize=3470 outsize=3918 ok=1
Cmd: compileComputeKernel
  api=14 insize=11985 outsize=3293 ok=1
Cmd: compileComputeKernel
  api=14 insize=11985 outsize=2887 ok=1
Cmd: translateComputeKernel
  api=14 insize=2927 outsize=3392 ok=1
Cmd: translateComputeKernel
  api=14 insize=2955 outsize=3435 ok=1
Cmd: translateComputeKernel
  api=14 insize=2986 outsize=3472 ok=1
Cmd: compileComputeKernel
  api=14 insize=17013 outsize=4939 ok=1
Cmd: translateComputeKernel
  api=14 insize=3895 outsize=5132 ok=1
Cmd: translateComputeKernel
  api=14 insize=7573 outsize=12378 ok=1
Cmd: compileComputeKernel
  api=14 insize=74735 outsize=5415 ok=1
Cmd: compileComputeKernel
  api=14 insize=74735 outsize=3593 ok=1
Cmd: compileComputeKernel
  api=14 insize=74735 outsize=3627 ok=1
Cmd: compileComputeKernel
  api=14 insize=74735 outsize=3742 ok=1
Cmd: compileComputeKernel
  api=14 insize=74735 outsize=3416 ok=1
Cmd: compileComputeKernel
  api=14 insize=74735 outsize=3814 ok=1
Cmd: compileComputeKernel
  api=14 insize=74735 outsize=3491 ok=1
Cmd: compileComputeKernel
  api=14 insize=74735 outsize=3416 ok=1
Cmd: compileComputeKernel
  api=14 insize=74735 outsize=3529 ok=1
Cmd: compileComputeKernel
  api=14 insize=74735 outsize=3516 ok=1
Cmd: compileComputeKernel
  api=14 insize=74735 outsize=4055 ok=1
Cmd: compileComputeKernel
  api=14 insize=74735 outsize=4206 ok=1
Cmd: compileComputeKernel
  api=14 insize=74735 outsize=4229 ok=1
Cmd: compileComputeKernel
  api=14 insize=74735 outsize=3526 ok=1
Cmd: compileComputeKernel
  api=14 insize=74735 outsize=3581 ok=1
Cmd: compileComputeKernel
  api=14 insize=74735 outsize=4765 ok=1
Cmd: translateComputeKernel
  api=14 insize=15865 outsize=28113 ok=1
Cmd: compileComputeKernel
  api=14 insize=57129 outsize=2149 ok=1
Cmd: compileComputeKernel
  api=14 insize=57129 outsize=2247 ok=1
Cmd: compileComputeKernel
  api=14 insize=57129 outsize=2320 ok=1
Cmd: compileComputeKernel
  api=14 insize=57129 outsize=2146 ok=1
Cmd: compileComputeKernel
  api=14 insize=57129 outsize=2344 ok=1
Cmd: compileComputeKernel
  api=14 insize=57129 outsize=2354 ok=1
Cmd: compileComputeKernel
  api=14 insize=57129 outsize=2254 ok=1
Cmd: compileComputeKernel
  api=14 insize=57129 outsize=2276 ok=1
Cmd: compileComputeKernel
  api=14 insize=57129 outsize=2709 ok=1
Cmd: compileComputeKernel
  api=14 insize=57129 outsize=2841 ok=1
Cmd: compileComputeKernel
  api=14 insize=57129 outsize=2831 ok=1
Cmd: compileComputeKernel
  api=14 insize=57129 outsize=2733 ok=1
Cmd: compileComputeKernel
  api=14 insize=57129 outsize=2836 ok=1
Cmd: compileComputeKernel
  api=14 insize=57129 outsize=2846 ok=1
Cmd: compileComputeKernel
  api=14 insize=57129 outsize=3277 ok=1
Cmd: compileComputeKernel
  api=14 insize=57129 outsize=2852 ok=1
Cmd: compileComputeKernel
  api=14 insize=57129 outsize=2728 ok=1
Cmd: translateComputeKernel
  api=14 insize=2344 outsize=2032 ok=1
Cmd: translateComputeKernel
  api=14 insize=2349 outsize=2038 ok=1
Cmd: translateComputeKernel
  api=14 insize=2426 outsize=2153 ok=1
Cmd: translateComputeKernel
  api=14 insize=2446 outsize=2221 ok=1
Cmd: translateComputeKernel
  api=14 insize=2383 outsize=2079 ok=1
Cmd: translateComputeKernel
  api=14 insize=2091 outsize=2211 ok=1
Cmd: translateComputeKernel
  api=14 insize=2404 outsize=2143 ok=1
Cmd: translateComputeKernel
  api=14 insize=2376 outsize=2112 ok=1
Cmd: translateComputeKernel
  api=14 insize=2954 outsize=3198 ok=1
Cmd: translateComputeKernel
  api=14 insize=3130 outsize=3611 ok=1
Cmd: translateComputeKernel
  api=14 insize=3068 outsize=3394 ok=1
Cmd: translateComputeKernel
  api=14 insize=2921 outsize=3334 ok=1
Cmd: translateComputeKernel
  api=14 insize=3251 outsize=3750 ok=1
Cmd: translateComputeKernel
  api=14 insize=3030 outsize=3333 ok=1
Cmd: translateComputeKernel
  api=14 insize=2920 outsize=3154 ok=1
Cmd: translateComputeKernel
  api=14 insize=2897 outsize=3296 ok=1
Cmd: compileComputeKernel
  api=14 insize=79371 outsize=9108 ok=1
Cmd: compileComputeKernel
  api=14 insize=79371 outsize=36038 ok=1
Cmd: translateComputeKernel
  api=14 insize=16270 outsize=32154 ok=1
Cmd: compileComputeKernel
  api=14 insize=4442 outsize=2858 ok=1
Cmd: translateComputeKernel
  api=14 insize=3006 outsize=3859 ok=1

Quitting shader compiler process
