Base path: '/Applications/Unity/Hub/Editor/2019.4.14f1/Unity.app/Contents', plugins path '/Applications/Unity/Hub/Editor/2019.4.14f1/PlaybackEngines'
Cmd: initializeCompiler
Cmd: initializeCompiler
Cmd: compileComputeKernel
  api=14 insize=12919 outsize=2827 ok=1
Cmd: compileComputeKernel
  api=14 insize=12919 outsize=3203 ok=1
Cmd: translateComputeKernel
  api=14 insize=3049 outsize=2942 ok=1
Cmd: translateComputeKernel
  api=14 insize=4138 outsize=5503 ok=1
Cmd: compileComputeKernel
  api=14 insize=11985 outsize=2853 ok=1
Cmd: compileComputeKernel
  api=14 insize=11985 outsize=3008 ok=1
Cmd: compileComputeKernel
  api=14 insize=11985 outsize=3004 ok=1
Cmd: translateComputeKernel
  api=14 insize=2923 outsize=3389 ok=1
Cmd: translateComputeKernel
  api=14 insize=2923 outsize=3393 ok=1
Cmd: translateComputeKernel
  api=14 insize=2953 outsize=3434 ok=1
Cmd: compileComputeKernel
  api=14 insize=17013 outsize=4795 ok=1
Cmd: translateComputeKernel
  api=14 insize=5137 outsize=8304 ok=1
Cmd: compileComputeKernel
  api=14 insize=74735 outsize=15351 ok=1
Cmd: compileComputeKernel
  api=14 insize=74735 outsize=3529 ok=1
Cmd: compileComputeKernel
  api=14 insize=74735 outsize=3512 ok=1
Cmd: compileComputeKernel
  api=14 insize=74735 outsize=4051 ok=1
Cmd: compileComputeKernel
  api=14 insize=74735 outsize=4051 ok=1
Cmd: compileComputeKernel
  api=14 insize=74735 outsize=4081 ok=1
Cmd: compileComputeKernel
  api=14 insize=74735 outsize=3473 ok=1
Cmd: compileComputeKernel
  api=14 insize=74735 outsize=5500 ok=1
Cmd: compileComputeKernel
  api=14 insize=74735 outsize=4398 ok=1
Cmd: translateComputeKernel
  api=14 insize=4363 outsize=4313 ok=1
Cmd: translateComputeKernel
  api=14 insize=4447 outsize=4380 ok=1
Cmd: translateComputeKernel
  api=14 insize=5295 outsize=5930 ok=1
Cmd: translateComputeKernel
  api=14 insize=4220 outsize=4067 ok=1
Cmd: translateComputeKernel
  api=14 insize=4548 outsize=4309 ok=1
Cmd: translateComputeKernel
  api=14 insize=4100 outsize=3707 ok=1
Cmd: translateComputeKernel
  api=14 insize=4098 outsize=3711 ok=1
Cmd: translateComputeKernel
  api=14 insize=4333 outsize=4054 ok=1
Cmd: translateComputeKernel
  api=14 insize=4228 outsize=3945 ok=1
Cmd: translateComputeKernel
  api=14 insize=4124 outsize=3749 ok=1
Cmd: translateComputeKernel
  api=14 insize=4441 outsize=4259 ok=1
Cmd: translateComputeKernel
  api=14 insize=4193 outsize=3881 ok=1
Cmd: translateComputeKernel
  api=14 insize=4393 outsize=4617 ok=1
Cmd: translateComputeKernel
  api=14 insize=5138 outsize=5756 ok=1
Cmd: translateComputeKernel
  api=14 insize=4727 outsize=5004 ok=1
Cmd: translateComputeKernel
  api=14 insize=4877 outsize=5256 ok=1
Cmd: translateComputeKernel
  api=14 insize=4729 outsize=5053 ok=1
Cmd: translateComputeKernel
  api=14 insize=4181 outsize=3801 ok=1
Cmd: translateComputeKernel
  api=14 insize=3736 outsize=2958 ok=1
Cmd: compileComputeKernel
  api=14 insize=73293 outsize=4088 ok=1
Cmd: compileComputeKernel
  api=14 insize=57129 outsize=2244 ok=1
Cmd: compileComputeKernel
  api=14 insize=57129 outsize=2249 ok=1
Cmd: compileComputeKernel
  api=14 insize=57129 outsize=2231 ok=1
Cmd: compileComputeKernel
  api=14 insize=57129 outsize=2277 ok=1
Cmd: compileComputeKernel
  api=14 insize=57129 outsize=2283 ok=1
Cmd: compileComputeKernel
  api=14 insize=57129 outsize=2490 ok=1
Cmd: compileComputeKernel
  api=14 insize=57129 outsize=2149 ok=1
Cmd: compileComputeKernel
  api=14 insize=57129 outsize=1374 ok=1
Cmd: compileComputeKernel
  api=14 insize=57129 outsize=2793 ok=1
Cmd: compileComputeKernel
  api=14 insize=57129 outsize=2929 ok=1
Cmd: compileComputeKernel
  api=14 insize=57129 outsize=2874 ok=1
Cmd: compileComputeKernel
  api=14 insize=57129 outsize=2760 ok=1
Cmd: compileComputeKernel
  api=14 insize=57129 outsize=3103 ok=1
Cmd: compileComputeKernel
  api=14 insize=57129 outsize=2806 ok=1
Cmd: compileComputeKernel
  api=14 insize=57129 outsize=3300 ok=1
Cmd: compileComputeKernel
  api=14 insize=57129 outsize=2789 ok=1
Cmd: compileComputeKernel
  api=14 insize=57129 outsize=2768 ok=1
Cmd: translateComputeKernel
  api=14 insize=1404 outsize=1232 ok=1
Cmd: translateComputeKernel
  api=14 insize=1476 outsize=1304 ok=1
Cmd: translateComputeKernel
  api=14 insize=2486 outsize=2276 ok=1
Cmd: translateComputeKernel
  api=14 insize=1458 outsize=1300 ok=1
Cmd: translateComputeKernel
  api=14 insize=2385 outsize=2092 ok=1
Cmd: translateComputeKernel
  api=14 insize=2454 outsize=2195 ok=1
Cmd: translateComputeKernel
  api=14 insize=2344 outsize=2032 ok=1
Cmd: translateComputeKernel
  api=14 insize=2453 outsize=2186 ok=1
Cmd: translateComputeKernel
  api=14 insize=2954 outsize=3198 ok=1
Cmd: translateComputeKernel
  api=14 insize=3153 outsize=3501 ok=1
Cmd: translateComputeKernel
  api=14 insize=3045 outsize=3516 ok=1
Cmd: translateComputeKernel
  api=14 insize=2881 outsize=3308 ok=1
Cmd: translateComputeKernel
  api=14 insize=3251 outsize=3750 ok=1
Cmd: translateComputeKernel
  api=14 insize=3261 outsize=3706 ok=1
Cmd: translateComputeKernel
  api=14 insize=3034 outsize=3323 ok=1
Cmd: translateComputeKernel
  api=14 insize=2950 outsize=3418 ok=1
Cmd: translateComputeKernel
  api=14 insize=2952 outsize=3261 ok=1
Cmd: compileComputeKernel
  api=14 insize=79371 outsize=11317 ok=1
Cmd: compileComputeKernel
  api=14 insize=79371 outsize=36354 ok=1
Cmd: translateComputeKernel
  api=14 insize=13863 outsize=26084 ok=1
Cmd: translateComputeKernel
  api=14 insize=31896 outsize=60202 ok=1
Cmd: compileComputeKernel
  api=14 insize=4442 outsize=3014 ok=1
Cmd: translateComputeKernel
  api=14 insize=2858 outsize=3380 ok=1

Quitting shader compiler process
